01:08:24 **** Rebuild of configuration Debug for project Student_Database_Using_Queue ****
Info: Internal Builder is used for build
gcc -O0 -g3 -Wall -c -fmessage-length=0 -o Student_Database_Using_Queue.o "..\\Student_Database_Using_Queue.c" 
..\Student_Database_Using_Queue.c: In function 'Add_Student_From_File':
..\Student_Database_Using_Queue.c:71:26: warning: format '%f' expects argument of type 'float *', but argument 3 has type 'double' [-Wformat=]
   fscanf(students_file,"%f",new_student.GPA);
                          ^
..\Student_Database_Using_Queue.c: In function 'Add_Student_From_DataBase_File':
..\Student_Database_Using_Queue.c:131:35: warning: format '%f' expects argument of type 'float *', but argument 3 has type 'double' [-Wformat=]
   fscanf(database_students_file,"%f",new_student.GPA);
                                   ^
..\Student_Database_Using_Queue.c:135:36: warning: format '%d' expects argument of type 'int *', but argument 3 has type 'FIFO_Node_st * {aka struct <anonymous> *}' [-Wformat=]
    fscanf(database_students_file,"%d",&new_student);
                                    ^
..\Student_Database_Using_Queue.c:141:11: warning: too many arguments for format [-Wformat-extra-args]
    printf("\n [INFO] Roll number 5d is saved successfully\n",new_student.roll_number);
           ^~~~~~~~~~~~~~~~~~~~~~~~~~~~~~~~~~~~~~~~~~~~~~~~~~
..\Student_Database_Using_Queue.c:146:4: warning: implicit declaration of function 'prinf' [-Wimplicit-function-declaration]
    prinf("\n [ERROR] Adding students by update file failed \n");
    ^~~~~
..\Student_Database_Using_Queue.c: In function 'Add_Student_Manualy':
..\Student_Database_Using_Queue.c:164:12: error: invalid operands to binary & (have 'char *' and 'int')
  scanf("%d"&new_student.roll_number);
        ~~~~^~~~~~~~~~~~~~~~~~~~~~~~
..\Student_Database_Using_Queue.c:169:3: warning: implicit declaration of function 'print' [-Wimplicit-function-declaration]
   print("\n[ERROR] Roll number %d is already");
   ^~~~~
..\Student_Database_Using_Queue.c:181:10: warning: format '%s' expects argument of type 'char *', but argument 2 has type 'double' [-Wformat=]
  scanf("%s",new_student.GPA);
          ^
..\Student_Database_Using_Queue.c: In function 'Find_Student_by_Roll_Number':
..\Student_Database_Using_Queue.c:207:17: warning: implicit declaration of function 'FIFO_is_Empty' [-Wimplicit-function-declaration]
  queue_status = FIFO_is_Empty(students_queue);
                 ^~~~~~~~~~~~~
..\Student_Database_Using_Queue.c: In function 'Update_Student_by_Roll_Number':
..\Student_Database_Using_Queue.c:390:52: warning: unused variable 'flag' [-Wunused-variable]
  int i , input_roll , input_option, input_new_roll,flag = 0;
                                                    ^~~~
..\Student_Database_Using_Queue.c:390:6: warning: unused variable 'i' [-Wunused-variable]
  int i , input_roll , input_option, input_new_roll,flag = 0;
      ^
..\Student_Database_Using_Queue.c:389:34: warning: variable 'student' set but not used [-Wunused-but-set-variable]
  FIFO_Node_st *update_student , *student ;
                                  ^~~~~~~
..\Student_Database_Using_Queue.c: In function 'Update_DataBase_Students':
..\Student_Database_Using_Queue.c:466:36: warning: format '%d' expects argument of type 'int', but argument 3 has type 'char *' [-Wformat=]
   fprintf(database_students_file,"%d",student->first_name);
                                    ^
..\Student_Database_Using_Queue.c:467:36: warning: format '%d' expects argument of type 'int', but argument 3 has type 'char *' [-Wformat=]
   fprintf(database_students_file,"%d",student->last_name);
                                    ^
..\Student_Database_Using_Queue.c:468:36: warning: format '%d' expects argument of type 'int', but argument 3 has type 'double' [-Wformat=]
   fprintf(database_students_file,"%d",student->GPA);
                                    ^
..\Student_Database_Using_Queue.c: At top level:
..\Student_Database_Using_Queue.c:595:16: error: conflicting types for 'FIFO_is_Empty'
 FIFO_Status_st FIFO_is_Empty(FIFO_Buf_st *fifo_buf)
                ^~~~~~~~~~~~~
..\Student_Database_Using_Queue.c:207:17: note: previous implicit declaration of 'FIFO_is_Empty' was here
  queue_status = FIFO_is_Empty(students_queue);
                 ^~~~~~~~~~~~~
01:09:42 **** Incremental Build of configuration Debug for project Student_Database_Using_Queue ****
Info: Internal Builder is used for build
gcc -O0 -g3 -Wall -c -fmessage-length=0 -o Student_Database_Using_Queue.o "..\\Student_Database_Using_Queue.c" 
..\Student_Database_Using_Queue.c: In function 'Add_Student_From_File':
..\Student_Database_Using_Queue.c:71:26: warning: format '%f' expects argument of type 'float *', but argument 3 has type 'double' [-Wformat=]
   fscanf(students_file,"%f",new_student.GPA);
                          ^
..\Student_Database_Using_Queue.c: In function 'Add_Student_From_DataBase_File':
..\Student_Database_Using_Queue.c:131:35: warning: format '%f' expects argument of type 'float *', but argument 3 has type 'double' [-Wformat=]
   fscanf(database_students_file,"%f",new_student.GPA);
                                   ^
..\Student_Database_Using_Queue.c:135:36: warning: format '%d' expects argument of type 'int *', but argument 3 has type 'FIFO_Node_st * {aka struct <anonymous> *}' [-Wformat=]
    fscanf(database_students_file,"%d",&new_student);
                                    ^
..\Student_Database_Using_Queue.c:141:11: warning: too many arguments for format [-Wformat-extra-args]
    printf("\n [INFO] Roll number 5d is saved successfully\n",new_student.roll_number);
           ^~~~~~~~~~~~~~~~~~~~~~~~~~~~~~~~~~~~~~~~~~~~~~~~~~
..\Student_Database_Using_Queue.c:146:4: warning: implicit declaration of function 'prinf' [-Wimplicit-function-declaration]
    prinf("\n [ERROR] Adding students by update file failed \n");
    ^~~~~
..\Student_Database_Using_Queue.c: In function 'Add_Student_Manualy':
..\Student_Database_Using_Queue.c:164:12: error: invalid operands to binary & (have 'char *' and 'int')
  scanf("%d"&new_student.roll_number);
        ~~~~^~~~~~~~~~~~~~~~~~~~~~~~
..\Student_Database_Using_Queue.c:169:3: warning: implicit declaration of function 'print' [-Wimplicit-function-declaration]
   print("\n[ERROR] Roll number %d is already");
   ^~~~~
..\Student_Database_Using_Queue.c:181:10: warning: format '%s' expects argument of type 'char *', but argument 2 has type 'double' [-Wformat=]
  scanf("%s",new_student.GPA);
          ^
..\Student_Database_Using_Queue.c: In function 'Find_Student_by_Roll_Number':
..\Student_Database_Using_Queue.c:207:17: warning: implicit declaration of function 'FIFO_is_Empty' [-Wimplicit-function-declaration]
  queue_status = FIFO_is_Empty(students_queue);
                 ^~~~~~~~~~~~~
..\Student_Database_Using_Queue.c: In function 'Update_Student_by_Roll_Number':
..\Student_Database_Using_Queue.c:390:52: warning: unused variable 'flag' [-Wunused-variable]
  int i , input_roll , input_option, input_new_roll,flag = 0;
                                                    ^~~~
..\Student_Database_Using_Queue.c:390:6: warning: unused variable 'i' [-Wunused-variable]
  int i , input_roll , input_option, input_new_roll,flag = 0;
      ^
..\Student_Database_Using_Queue.c:389:34: warning: variable 'student' set but not used [-Wunused-but-set-variable]
  FIFO_Node_st *update_student , *student ;
                                  ^~~~~~~
..\Student_Database_Using_Queue.c: In function 'Update_DataBase_Students':
..\Student_Database_Using_Queue.c:466:36: warning: format '%d' expects argument of type 'int', but argument 3 has type 'char *' [-Wformat=]
   fprintf(database_students_file,"%d",student->first_name);
                                    ^
..\Student_Database_Using_Queue.c:467:36: warning: format '%d' expects argument of type 'int', but argument 3 has type 'char *' [-Wformat=]
   fprintf(database_students_file,"%d",student->last_name);
                                    ^
..\Student_Database_Using_Queue.c:468:36: warning: format '%d' expects argument of type 'int', but argument 3 has type 'double' [-Wformat=]
   fprintf(database_students_file,"%d",student->GPA);
                                    ^
01:10:10 **** Incremental Build of configuration Debug for project Student_Database_Using_Queue ****
Info: Internal Builder is used for build
gcc -O0 -g3 -Wall -c -fmessage-length=0 -o main.o "..\\main.c" 
..\main.c: In function 'main':
..\main.c:20:51: error: 'STUDENTS_NUMBER0' undeclared (first use in this function)
 Students_DB_Init(&students_queue,students_buffer, STUDENTS_NUMBER0);
                                                   ^~~~~~~~~~~~~~~~
..\main.c:20:51: note: each undeclared identifier is reported only once for each function it appears in
..\main.c:117:2: error: expected ';' before 'break'
  break;
  ^~~~~
01:11:47 **** Incremental Build of configuration Debug for project Student_Database_Using_Queue ****
Info: Internal Builder is used for build
gcc -O0 -g3 -Wall -c -fmessage-length=0 -o Student_Database_Using_Queue.o "..\\Student_Database_Using_Queue.c" 
..\Student_Database_Using_Queue.c: In function 'Add_Student_From_File':
..\Student_Database_Using_Queue.c:71:26: warning: format '%f' expects argument of type 'float *', but argument 3 has type 'double' [-Wformat=]
   fscanf(students_file,"%f",new_student.GPA);
                          ^
..\Student_Database_Using_Queue.c: In function 'Add_Student_From_DataBase_File':
..\Student_Database_Using_Queue.c:131:35: warning: format '%f' expects argument of type 'float *', but argument 3 has type 'double' [-Wformat=]
   fscanf(database_students_file,"%f",new_student.GPA);
                                   ^
..\Student_Database_Using_Queue.c:135:36: warning: format '%d' expects argument of type 'int *', but argument 3 has type 'FIFO_Node_st * {aka struct <anonymous> *}' [-Wformat=]
    fscanf(database_students_file,"%d",&new_student);
                                    ^
..\Student_Database_Using_Queue.c:141:11: warning: too many arguments for format [-Wformat-extra-args]
    printf("\n [INFO] Roll number 5d is saved successfully\n",new_student.roll_number);
           ^~~~~~~~~~~~~~~~~~~~~~~~~~~~~~~~~~~~~~~~~~~~~~~~~~
..\Student_Database_Using_Queue.c:146:4: warning: implicit declaration of function 'prinf' [-Wimplicit-function-declaration]
    prinf("\n [ERROR] Adding students by update file failed \n");
    ^~~~~
..\Student_Database_Using_Queue.c: In function 'Add_Student_Manualy':
..\Student_Database_Using_Queue.c:169:3: warning: implicit declaration of function 'print' [-Wimplicit-function-declaration]
   print("\n[ERROR] Roll number %d is already");
   ^~~~~
..\Student_Database_Using_Queue.c:181:10: warning: format '%s' expects argument of type 'char *', but argument 2 has type 'double' [-Wformat=]
  scanf("%s",new_student.GPA);
          ^
..\Student_Database_Using_Queue.c: In function 'Find_Student_by_Roll_Number':
..\Student_Database_Using_Queue.c:207:17: warning: implicit declaration of function 'FIFO_is_Empty' [-Wimplicit-function-declaration]
  queue_status = FIFO_is_Empty(students_queue);
                 ^~~~~~~~~~~~~
..\Student_Database_Using_Queue.c: In function 'Update_Student_by_Roll_Number':
..\Student_Database_Using_Queue.c:390:52: warning: unused variable 'flag' [-Wunused-variable]
  int i , input_roll , input_option, input_new_roll,flag = 0;
                                                    ^~~~
..\Student_Database_Using_Queue.c:390:6: warning: unused variable 'i' [-Wunused-variable]
  int i , input_roll , input_option, input_new_roll,flag = 0;
      ^
..\Student_Database_Using_Queue.c:389:34: warning: variable 'student' set but not used [-Wunused-but-set-variable]
  FIFO_Node_st *update_student , *student ;
                                  ^~~~~~~
..\Student_Database_Using_Queue.c: In function 'Update_DataBase_Students':
..\Student_Database_Using_Queue.c:466:36: warning: format '%d' expects argument of type 'int', but argument 3 has type 'char *' [-Wformat=]
   fprintf(database_students_file,"%d",student->first_name);
                                    ^
..\Student_Database_Using_Queue.c:467:36: warning: format '%d' expects argument of type 'int', but argument 3 has type 'char *' [-Wformat=]
   fprintf(database_students_file,"%d",student->last_name);
                                    ^
..\Student_Database_Using_Queue.c:468:36: warning: format '%d' expects argument of type 'int', but argument 3 has type 'double' [-Wformat=]
   fprintf(database_students_file,"%d",student->GPA);
                                    ^
gcc -O0 -g3 -Wall -c -fmessage-length=0 -o main.o "..\\main.c" 
..\main.c: In function 'main':
..\main.c:117:2: error: expected ';' before 'break'
  break;
  ^~~~~
01:11:57 **** Incremental Build of configuration Debug for project Student_Database_Using_Queue ****
Info: Internal Builder is used for build
gcc -O0 -g3 -Wall -c -fmessage-length=0 -o main.o "..\\main.c" 
gcc -o Student_Database_Using_Queue.exe Student_Database_Using_Queue.o main.o 
Student_Database_Using_Queue.o: In function `Add_Student_From_DataBase_File':
C:\Learn in depth\Unit 5_Frist_term_Projects\2-Student_Database\Student_Database_Using_Queue\Debug/../Student_Database_Using_Queue.c:146: undefined reference to `prinf'
Student_Database_Using_Queue.o: In function `Add_Student_Manualy':
C:\Learn in depth\Unit 5_Frist_term_Projects\2-Student_Database\Student_Database_Using_Queue\Debug/../Student_Database_Using_Queue.c:169: undefined reference to `print'
Student_Database_Using_Queue.o: In function `Find_Student_by_Roll_Number':
C:\Learn in depth\Unit 5_Frist_term_Projects\2-Student_Database\Student_Database_Using_Queue\Debug/../Student_Database_Using_Queue.c:207: undefined reference to `FIFO_is_Empty'
Student_Database_Using_Queue.o: In function `Find_Student_by_FirstName':
C:\Learn in depth\Unit 5_Frist_term_Projects\2-Student_Database\Student_Database_Using_Queue\Debug/../Student_Database_Using_Queue.c:237: undefined reference to `FIFO_is_Empty'
Student_Database_Using_Queue.o: In function `Find_Student_by_Course':
C:\Learn in depth\Unit 5_Frist_term_Projects\2-Student_Database\Student_Database_Using_Queue\Debug/../Student_Database_Using_Queue.c:275: undefined reference to `FIFO_is_Empty'
Student_Database_Using_Queue.o: In function `Delete_Student_by_Roll_Number':
C:\Learn in depth\Unit 5_Frist_term_Projects\2-Student_Database\Student_Database_Using_Queue\Debug/../Student_Database_Using_Queue.c:333: undefined reference to `FIFO_is_Empty'
main.o: In function `main':
C:\Learn in depth\Unit 5_Frist_term_Projects\2-Student_Database\Student_Database_Using_Queue\Debug/../main.c:82: undefined reference to `Print_Students_Count'
collect2.exe: error: ld returned 1 exit status
01:13:29 **** Incremental Build of configuration Debug for project Student_Database_Using_Queue ****
Info: Internal Builder is used for build
gcc -O0 -g3 -Wall -c -fmessage-length=0 -o Student_Database_Using_Queue.o "..\\Student_Database_Using_Queue.c" 
..\Student_Database_Using_Queue.c: In function 'Add_Student_From_File':
..\Student_Database_Using_Queue.c:71:26: warning: format '%f' expects argument of type 'float *', but argument 3 has type 'double' [-Wformat=]
   fscanf(students_file,"%f",new_student.GPA);
                          ^
..\Student_Database_Using_Queue.c: In function 'Add_Student_From_DataBase_File':
..\Student_Database_Using_Queue.c:131:35: warning: format '%f' expects argument of type 'float *', but argument 3 has type 'double' [-Wformat=]
   fscanf(database_students_file,"%f",new_student.GPA);
                                   ^
..\Student_Database_Using_Queue.c:135:36: warning: format '%d' expects argument of type 'int *', but argument 3 has type 'FIFO_Node_st * {aka struct <anonymous> *}' [-Wformat=]
    fscanf(database_students_file,"%d",&new_student);
                                    ^
..\Student_Database_Using_Queue.c:141:11: warning: too many arguments for format [-Wformat-extra-args]
    printf("\n [INFO] Roll number 5d is saved successfully\n",new_student.roll_number);
           ^~~~~~~~~~~~~~~~~~~~~~~~~~~~~~~~~~~~~~~~~~~~~~~~~~
..\Student_Database_Using_Queue.c:146:4: warning: implicit declaration of function 'prinf' [-Wimplicit-function-declaration]
    prinf("\n [ERROR] Adding students by update file failed \n");
    ^~~~~
..\Student_Database_Using_Queue.c: In function 'Add_Student_Manualy':
..\Student_Database_Using_Queue.c:169:3: warning: implicit declaration of function 'print' [-Wimplicit-function-declaration]
   print("\n[ERROR] Roll number %d is already");
   ^~~~~
..\Student_Database_Using_Queue.c:181:10: warning: format '%s' expects argument of type 'char *', but argument 2 has type 'double' [-Wformat=]
  scanf("%s",new_student.GPA);
          ^
..\Student_Database_Using_Queue.c: In function 'Update_Student_by_Roll_Number':
..\Student_Database_Using_Queue.c:390:52: warning: unused variable 'flag' [-Wunused-variable]
  int i , input_roll , input_option, input_new_roll,flag = 0;
                                                    ^~~~
..\Student_Database_Using_Queue.c:390:6: warning: unused variable 'i' [-Wunused-variable]
  int i , input_roll , input_option, input_new_roll,flag = 0;
      ^
..\Student_Database_Using_Queue.c:389:34: warning: variable 'student' set but not used [-Wunused-but-set-variable]
  FIFO_Node_st *update_student , *student ;
                                  ^~~~~~~
..\Student_Database_Using_Queue.c: In function 'Update_DataBase_Students':
..\Student_Database_Using_Queue.c:466:36: warning: format '%d' expects argument of type 'int', but argument 3 has type 'char *' [-Wformat=]
   fprintf(database_students_file,"%d",student->first_name);
                                    ^
..\Student_Database_Using_Queue.c:467:36: warning: format '%d' expects argument of type 'int', but argument 3 has type 'char *' [-Wformat=]
   fprintf(database_students_file,"%d",student->last_name);
                                    ^
..\Student_Database_Using_Queue.c:468:36: warning: format '%d' expects argument of type 'int', but argument 3 has type 'double' [-Wformat=]
   fprintf(database_students_file,"%d",student->GPA);
                                    ^
gcc -o Student_Database_Using_Queue.exe Student_Database_Using_Queue.o main.o 
Student_Database_Using_Queue.o: In function `Add_Student_From_DataBase_File':
C:\Learn in depth\Unit 5_Frist_term_Projects\2-Student_Database\Student_Database_Using_Queue\Debug/../Student_Database_Using_Queue.c:146: undefined reference to `prinf'
Student_Database_Using_Queue.o: In function `Add_Student_Manualy':
C:\Learn in depth\Unit 5_Frist_term_Projects\2-Student_Database\Student_Database_Using_Queue\Debug/../Student_Database_Using_Queue.c:169: undefined reference to `print'
main.o: In function `main':
C:\Learn in depth\Unit 5_Frist_term_Projects\2-Student_Database\Student_Database_Using_Queue\Debug/../main.c:82: undefined reference to `Print_Students_Count'
collect2.exe: error: ld returned 1 exit status
01:15:44 **** Incremental Build of configuration Debug for project Student_Database_Using_Queue ****
Info: Internal Builder is used for build
gcc -O0 -g3 -Wall -c -fmessage-length=0 -o main.o "..\\main.c" 
gcc -O0 -g3 -Wall -c -fmessage-length=0 -o Student_Database_Using_Queue.o "..\\Student_Database_Using_Queue.c" 
..\Student_Database_Using_Queue.c: In function 'Add_Student_From_File':
..\Student_Database_Using_Queue.c:71:26: warning: format '%f' expects argument of type 'float *', but argument 3 has type 'double' [-Wformat=]
   fscanf(students_file,"%f",new_student.GPA);
                          ^
..\Student_Database_Using_Queue.c: In function 'Add_Student_From_DataBase_File':
..\Student_Database_Using_Queue.c:131:35: warning: format '%f' expects argument of type 'float *', but argument 3 has type 'double' [-Wformat=]
   fscanf(database_students_file,"%f",new_student.GPA);
                                   ^
..\Student_Database_Using_Queue.c:135:36: warning: format '%d' expects argument of type 'int *', but argument 3 has type 'FIFO_Node_st * {aka struct <anonymous> *}' [-Wformat=]
    fscanf(database_students_file,"%d",&new_student);
                                    ^
..\Student_Database_Using_Queue.c:141:11: warning: too many arguments for format [-Wformat-extra-args]
    printf("\n [INFO] Roll number 5d is saved successfully\n",new_student.roll_number);
           ^~~~~~~~~~~~~~~~~~~~~~~~~~~~~~~~~~~~~~~~~~~~~~~~~~
..\Student_Database_Using_Queue.c: In function 'Add_Student_Manualy':
..\Student_Database_Using_Queue.c:169:3: warning: implicit declaration of function 'print' [-Wimplicit-function-declaration]
   print("\n[ERROR] Roll number %d is already");
   ^~~~~
..\Student_Database_Using_Queue.c:181:10: warning: format '%s' expects argument of type 'char *', but argument 2 has type 'double' [-Wformat=]
  scanf("%s",new_student.GPA);
          ^
..\Student_Database_Using_Queue.c: In function 'Update_Student_by_Roll_Number':
..\Student_Database_Using_Queue.c:390:52: warning: unused variable 'flag' [-Wunused-variable]
  int i , input_roll , input_option, input_new_roll,flag = 0;
                                                    ^~~~
..\Student_Database_Using_Queue.c:390:6: warning: unused variable 'i' [-Wunused-variable]
  int i , input_roll , input_option, input_new_roll,flag = 0;
      ^
..\Student_Database_Using_Queue.c:389:34: warning: variable 'student' set but not used [-Wunused-but-set-variable]
  FIFO_Node_st *update_student , *student ;
                                  ^~~~~~~
..\Student_Database_Using_Queue.c: In function 'Update_DataBase_Students':
..\Student_Database_Using_Queue.c:466:36: warning: format '%d' expects argument of type 'int', but argument 3 has type 'char *' [-Wformat=]
   fprintf(database_students_file,"%d",student->first_name);
                                    ^
..\Student_Database_Using_Queue.c:467:36: warning: format '%d' expects argument of type 'int', but argument 3 has type 'char *' [-Wformat=]
   fprintf(database_students_file,"%d",student->last_name);
                                    ^
..\Student_Database_Using_Queue.c:468:36: warning: format '%d' expects argument of type 'int', but argument 3 has type 'double' [-Wformat=]
   fprintf(database_students_file,"%d",student->GPA);
                                    ^
gcc -o Student_Database_Using_Queue.exe Student_Database_Using_Queue.o main.o 
Student_Database_Using_Queue.o: In function `Add_Student_Manualy':
C:\Learn in depth\Unit 5_Frist_term_Projects\2-Student_Database\Student_Database_Using_Queue\Debug/../Student_Database_Using_Queue.c:169: undefined reference to `print'
main.o: In function `main':
C:\Learn in depth\Unit 5_Frist_term_Projects\2-Student_Database\Student_Database_Using_Queue\Debug/../main.c:82: undefined reference to `Print_Students_by_Count'
collect2.exe: error: ld returned 1 exit status
01:16:20 **** Incremental Build of configuration Debug for project Student_Database_Using_Queue ****
Info: Internal Builder is used for build
gcc -O0 -g3 -Wall -c -fmessage-length=0 -o main.o "..\\main.c" 
gcc -O0 -g3 -Wall -c -fmessage-length=0 -o Student_Database_Using_Queue.o "..\\Student_Database_Using_Queue.c" 
..\Student_Database_Using_Queue.c: In function 'Add_Student_From_File':
..\Student_Database_Using_Queue.c:71:26: warning: format '%f' expects argument of type 'float *', but argument 3 has type 'double' [-Wformat=]
   fscanf(students_file,"%f",new_student.GPA);
                          ^
..\Student_Database_Using_Queue.c: In function 'Add_Student_From_DataBase_File':
..\Student_Database_Using_Queue.c:131:35: warning: format '%f' expects argument of type 'float *', but argument 3 has type 'double' [-Wformat=]
   fscanf(database_students_file,"%f",new_student.GPA);
                                   ^
..\Student_Database_Using_Queue.c:135:36: warning: format '%d' expects argument of type 'int *', but argument 3 has type 'FIFO_Node_st * {aka struct <anonymous> *}' [-Wformat=]
    fscanf(database_students_file,"%d",&new_student);
                                    ^
..\Student_Database_Using_Queue.c:141:11: warning: too many arguments for format [-Wformat-extra-args]
    printf("\n [INFO] Roll number 5d is saved successfully\n",new_student.roll_number);
           ^~~~~~~~~~~~~~~~~~~~~~~~~~~~~~~~~~~~~~~~~~~~~~~~~~
..\Student_Database_Using_Queue.c: In function 'Add_Student_Manualy':
..\Student_Database_Using_Queue.c:169:3: warning: implicit declaration of function 'print' [-Wimplicit-function-declaration]
   print("\n[ERROR] Roll number %d is already");
   ^~~~~
..\Student_Database_Using_Queue.c:181:10: warning: format '%s' expects argument of type 'char *', but argument 2 has type 'double' [-Wformat=]
  scanf("%s",new_student.GPA);
          ^
..\Student_Database_Using_Queue.c: In function 'Update_Student_by_Roll_Number':
..\Student_Database_Using_Queue.c:390:52: warning: unused variable 'flag' [-Wunused-variable]
  int i , input_roll , input_option, input_new_roll,flag = 0;
                                                    ^~~~
..\Student_Database_Using_Queue.c:390:6: warning: unused variable 'i' [-Wunused-variable]
  int i , input_roll , input_option, input_new_roll,flag = 0;
      ^
..\Student_Database_Using_Queue.c:389:34: warning: variable 'student' set but not used [-Wunused-but-set-variable]
  FIFO_Node_st *update_student , *student ;
                                  ^~~~~~~
..\Student_Database_Using_Queue.c: In function 'Update_DataBase_Students':
..\Student_Database_Using_Queue.c:466:36: warning: format '%d' expects argument of type 'int', but argument 3 has type 'char *' [-Wformat=]
   fprintf(database_students_file,"%d",student->first_name);
                                    ^
..\Student_Database_Using_Queue.c:467:36: warning: format '%d' expects argument of type 'int', but argument 3 has type 'char *' [-Wformat=]
   fprintf(database_students_file,"%d",student->last_name);
                                    ^
..\Student_Database_Using_Queue.c:468:36: warning: format '%d' expects argument of type 'int', but argument 3 has type 'double' [-Wformat=]
   fprintf(database_students_file,"%d",student->GPA);
                                    ^
gcc -o Student_Database_Using_Queue.exe Student_Database_Using_Queue.o main.o 
Student_Database_Using_Queue.o: In function `Add_Student_Manualy':
C:\Learn in depth\Unit 5_Frist_term_Projects\2-Student_Database\Student_Database_Using_Queue\Debug/../Student_Database_Using_Queue.c:169: undefined reference to `print'
collect2.exe: error: ld returned 1 exit status
01:17:08 **** Incremental Build of configuration Debug for project Student_Database_Using_Queue ****
Info: Internal Builder is used for build
gcc -O0 -g3 -Wall -c -fmessage-length=0 -o Student_Database_Using_Queue.o "..\\Student_Database_Using_Queue.c" 
..\Student_Database_Using_Queue.c: In function 'Add_Student_From_File':
..\Student_Database_Using_Queue.c:71:26: warning: format '%f' expects argument of type 'float *', but argument 3 has type 'double' [-Wformat=]
   fscanf(students_file,"%f",new_student.GPA);
                          ^
..\Student_Database_Using_Queue.c: In function 'Add_Student_From_DataBase_File':
..\Student_Database_Using_Queue.c:131:35: warning: format '%f' expects argument of type 'float *', but argument 3 has type 'double' [-Wformat=]
   fscanf(database_students_file,"%f",new_student.GPA);
                                   ^
..\Student_Database_Using_Queue.c:135:36: warning: format '%d' expects argument of type 'int *', but argument 3 has type 'FIFO_Node_st * {aka struct <anonymous> *}' [-Wformat=]
    fscanf(database_students_file,"%d",&new_student);
                                    ^
..\Student_Database_Using_Queue.c:141:11: warning: too many arguments for format [-Wformat-extra-args]
    printf("\n [INFO] Roll number 5d is saved successfully\n",new_student.roll_number);
           ^~~~~~~~~~~~~~~~~~~~~~~~~~~~~~~~~~~~~~~~~~~~~~~~~~
..\Student_Database_Using_Queue.c: In function 'Add_Student_Manualy':
..\Student_Database_Using_Queue.c:169:34: warning: format '%d' expects a matching 'int' argument [-Wformat=]
   printf("\n[ERROR] Roll number %d is already");
                                  ^
..\Student_Database_Using_Queue.c:181:10: warning: format '%s' expects argument of type 'char *', but argument 2 has type 'double' [-Wformat=]
  scanf("%s",new_student.GPA);
          ^
..\Student_Database_Using_Queue.c: In function 'Update_Student_by_Roll_Number':
..\Student_Database_Using_Queue.c:390:52: warning: unused variable 'flag' [-Wunused-variable]
  int i , input_roll , input_option, input_new_roll,flag = 0;
                                                    ^~~~
..\Student_Database_Using_Queue.c:390:6: warning: unused variable 'i' [-Wunused-variable]
  int i , input_roll , input_option, input_new_roll,flag = 0;
      ^
..\Student_Database_Using_Queue.c:389:34: warning: variable 'student' set but not used [-Wunused-but-set-variable]
  FIFO_Node_st *update_student , *student ;
                                  ^~~~~~~
..\Student_Database_Using_Queue.c: In function 'Update_DataBase_Students':
..\Student_Database_Using_Queue.c:466:36: warning: format '%d' expects argument of type 'int', but argument 3 has type 'char *' [-Wformat=]
   fprintf(database_students_file,"%d",student->first_name);
                                    ^
..\Student_Database_Using_Queue.c:467:36: warning: format '%d' expects argument of type 'int', but argument 3 has type 'char *' [-Wformat=]
   fprintf(database_students_file,"%d",student->last_name);
                                    ^
..\Student_Database_Using_Queue.c:468:36: warning: format '%d' expects argument of type 'int', but argument 3 has type 'double' [-Wformat=]
   fprintf(database_students_file,"%d",student->GPA);
                                    ^
gcc -o Student_Database_Using_Queue.exe Student_Database_Using_Queue.o main.o 
Info: Nothing to build for Student_Database_Using_Queue
Info: Nothing to build for Student_Database_Using_Queue
Info: Nothing to build for Student_Database_Using_Queue
Info: Nothing to build for Student_Database_Using_Queue
